<?xml version="1.0" encoding="UTF-8"?>
<testng-results skipped="0" failed="0" total="1" passed="1">
  <reporter-output>
  </reporter-output>
  <suite name="Default suite" duration-ms="22452" started-at="2019-12-20T14:15:07Z" finished-at="2019-12-20T14:15:29Z">
    <groups>
    </groups>
    <test name="Default test" duration-ms="22452" started-at="2019-12-20T14:15:07Z" finished-at="2019-12-20T14:15:29Z">
      <class name="test.Prop">
        <test-method status="PASS" signature="getData()[pri:0, instance:test.Prop@51565ec2]" name="getData" duration-ms="22447" started-at="2019-12-20T06:15:07Z" finished-at="2019-12-20T06:15:29Z">
          <reporter-output>
          </reporter-output>
        </test-method> <!-- getData -->
      </class> <!-- test.Prop -->
    </test> <!-- Default test -->
  </suite> <!-- Default suite -->
</testng-results>
